<?xml version="1.0" encoding="UTF-8"?>
<!-- Generated by org.testng.reporters.JUnitXMLReporter -->
<testsuite ignored="0" hostname="DESKTOP-PD876LB" failures="0" tests="4" name="Test" time="0.142" errors="0" timestamp="2022-09-13T10:02:04 IST">
  <testcase classname="Scripts.test1" name="tc1" time="0.017"/>
  <testcase classname="Scripts.test3" name="tc3" time="0.006"/>
  <testcase classname="Scripts.test2" name="tc2" time="0.006"/>
  <testcase classname="Scripts.test4" name="tc4" time="0.005"/>
</testsuite> <!-- Test -->
